<?xml version="1.0" encoding="UTF-8"?>
<testsuite name="com.loksakshya.kyc.aadhaar.AadhaarOfflineProcessorTest" tests="4" skipped="0" failures="0" errors="0" timestamp="2025-09-05T15:43:39" hostname="DESKTOP-DG96NLN" time="0.255">
  <properties/>
  <testcase name="testEmptyZipHandling" classname="com.loksakshya.kyc.aadhaar.AadhaarOfflineProcessorTest" time="0.242"/>
  <testcase name="testCustomConfiguration" classname="com.loksakshya.kyc.aadhaar.AadhaarOfflineProcessorTest" time="0.0"/>
  <testcase name="testConfigurationDefaults" classname="com.loksakshya.kyc.aadhaar.AadhaarOfflineProcessorTest" time="0.0"/>
  <testcase name="testInvalidZipHandling" classname="com.loksakshya.kyc.aadhaar.AadhaarOfflineProcessorTest" time="0.013"/>
  <system-out><![CDATA[]]></system-out>
  <system-err><![CDATA[]]></system-err>
</testsuite>
